<?xml version="1.0" encoding="UTF-8"?>
<!-- Generated by org.testng.reporters.JUnitReportReporter -->
<testsuite hostname="DESKTOP-7FFAQ42" failures="0" tests="1" name="QualityArc.Mobile.App" time="15.476" errors="0" timestamp="31 Jan. 2019 05:54:14 GMT" skipped="0">
  <testcase classname="QualityArc.Mobile.App" name="accessibility" time="15.476"/>
</testsuite> <!-- QualityArc.Mobile.App -->
