<?xml version="1.0" encoding="UTF-8"?>
<!-- Generated by org.testng.reporters.JUnitReportReporter -->
<testsuite hostname="DESKTOP-7FFAQ42" failures="0" tests="1" name="QualityArc.Mobile.Browser" time="35.503" errors="0" timestamp="31 Jan. 2019 05:12:44 GMT" skipped="0">
  <testcase classname="QualityArc.Mobile.Browser" name="loginTest" time="35.503"/>
</testsuite> <!-- QualityArc.Mobile.Browser -->
