<?xml version="1.0" encoding="UTF-8"?>
<!-- Generated by org.testng.reporters.JUnitReportReporter -->
<testsuite hostname="DESKTOP-7FFAQ42" failures="0" tests="3" name="runner.testRunner" time="95.617" errors="0" timestamp="27 Feb. 2019 05:45:10 GMT" skipped="0">
  <testcase classname="runner.testRunner" name="runScenario" time="15.851"/>
  <testcase classname="runner.testRunner" name="runScenario" time="34.063"/>
  <testcase classname="runner.testRunner" name="runScenario" time="45.703"/>
</testsuite> <!-- runner.testRunner -->
